<?xml version="1.0" encoding="UTF-8"?>
<testng-results skipped="0" failed="0" ignored="0" total="1" passed="1">
  <reporter-output>
  </reporter-output>
  <suite name="Test1" duration-ms="79" started-at="2022-04-21T12:57:17 IST" finished-at="2022-04-21T12:57:17 IST">
    <groups>
    </groups>
    <test name="Command line test" duration-ms="79" started-at="2022-04-21T12:57:17 IST" finished-at="2022-04-21T12:57:17 IST">
      <class name="Test1">
        <test-method status="PASS" signature="method()[pri:0, instance:Test1@e45f292]" name="method" duration-ms="0" started-at="2022-04-21T12:57:17 IST" finished-at="2022-04-21T12:57:17 IST">
          <reporter-output>
          </reporter-output>
        </test-method> <!-- method -->
      </class> <!-- Test1 -->
    </test> <!-- Command line test -->
  </suite> <!-- Test1 -->
</testng-results>
